Creating test database for alias 'default' ('file:memorydb_default?mode=memory&cache=shared')...
Operations to perform:
  Synchronize unmigrated apps: messages, rest_framework, staticfiles
  Apply all migrations: admin, auth, authtoken, contenttypes, course, sessions
Synchronizing apps without migrations:
  Creating tables...
    Running deferred SQL...
Running migrations:
  Applying contenttypes.0001_initial... OK
  Applying auth.0001_initial... OK
  Applying admin.0001_initial... OK
  Applying admin.0002_logentry_remove_auto_add... OK
  Applying admin.0003_logentry_add_action_flag_choices... OK
  Applying contenttypes.0002_remove_content_type_name... OK
  Applying auth.0002_alter_permission_name_max_length... OK
  Applying auth.0003_alter_user_email_max_length... OK
  Applying auth.0004_alter_user_username_opts... OK
  Applying auth.0005_alter_user_last_login_null... OK
  Applying auth.0006_require_contenttypes_0002... OK
  Applying auth.0007_alter_validators_add_error_messages... OK
  Applying auth.0008_alter_user_username_max_length... OK
  Applying auth.0009_alter_user_last_name_max_length... OK
  Applying auth.0010_alter_group_name_max_length... OK
  Applying auth.0011_update_proxy_permissions... OK
  Applying auth.0012_alter_user_first_name_max_length... OK
  Applying authtoken.0001_initial... OK
  Applying authtoken.0002_auto_20160226_1747... OK
  Applying authtoken.0003_tokenproxy... OK
  Applying course.0001_initial... OK
  Applying course.0002_course_name... OK
  Applying sessions.0001_initial... OK
System check identified no issues (0 silenced).
test_create_and_login_for_facilitator_account (test_api.TestAccountView) ... ok
test_create_and_login_for_instructor_account (test_api.TestAccountView) ... ok
test_create_and_login_for_student_account (test_api.TestAccountView) ... ok
test_create_two_equals_users (test_api.TestAccountView) ... ok
test_wrong_credentials_do_not_login (test_api.TestAccountView) ... ok
test_facilitator_or_instructor_can_create_an_activity (test_api.TestActivityView) ... ERROR
test_facilitator_or_instructor_can_edit_a_submission_grade (test_api.TestActivityView) ... FAIL
test_facilitator_or_instructor_can_list_activities (test_api.TestActivityView) ... FAIL
test_facilitator_or_instructor_can_update_an_activity (test_api.TestActivityView) ... ERROR
test_facilitator_or_instructor_can_view_all_submissions (test_api.TestActivityView) ... ERROR
test_facilitator_or_instructor_cannot_submity_an_activity (test_api.TestActivityView) ... FAIL
test_if_it_is_not_possible_to_create_activities_with_the_same_title (test_api.TestActivityView) ... ERROR
test_if_it_is_not_possible_to_update_activity_to_an_existing_title (test_api.TestActivityView) ... ERROR
test_if_it_is_not_possible_to_update_activity_with_an_existing_submission (test_api.TestActivityView) ... FAIL
test_student_can_submit_an_activity (test_api.TestActivityView) ... FAIL
test_student_can_view_only_your_submissions (test_api.TestActivityView) ... ERROR
test_student_cannot_edit_a_submission_grade (test_api.TestActivityView) ... FAIL
test_student_cannot_list_activities (test_api.TestActivityView) ... FAIL
test_students_cannot_create_activities (test_api.TestActivityView) ... FAIL
test_anonymous_can_filter_courses (test_api.TestCourseView) ... ok
test_anonymous_can_list_courses (test_api.TestCourseView) ... ok
test_anonymous_cannot_filter_invalid_course (test_api.TestCourseView) ... ok
test_cannot_create_courses_with_the_same_name (test_api.TestCourseView) ... ok
test_cannot_update_course_to_an_existing_name (test_api.TestCourseView) ... ok
test_create_course_with_invalid_token (test_api.TestCourseView) ... ok
test_enroll_students_with_invalid_id (test_api.TestCourseView) ... ok
test_enrolls_students_with_invalid_course_id (test_api.TestCourseView) ... ok
test_facilitator_or_student_cannot_create_course (test_api.TestCourseView) ... ok
test_instructor_can_create_course (test_api.TestCourseView) ... ok
test_instructor_can_delete_courses (test_api.TestCourseView) ... ok
test_instructor_can_register_students_on_course (test_api.TestCourseView) ... ok
test_only_students_can_be_enrolled_in_the_course (test_api.TestCourseView) ... ok
test_student_or_facilitator_cannot_delete_courses (test_api.TestCourseView) ... ok
test_update_course_name (test_api.TestCourseView) ... ok
test_whether_a_list_is_entered_to_enroll_students_in_the_course (test_api.TestCourseView) ... ok

======================================================================
ERROR: test_facilitator_or_instructor_can_create_an_activity (test_api.TestActivityView)
----------------------------------------------------------------------
Traceback (most recent call last):
  File "/home/andre/kenzieAcademy/kanvas/test_api.py", line 753, in test_facilitator_or_instructor_can_create_an_activity
    activity.json(),
  File "/home/andre/kenzieAcademy/kanvas/venv/lib/python3.9/site-packages/django/test/client.py", line 662, in _parse_json
    raise ValueError(
ValueError: Content-Type header is "text/html", not "application/json"

======================================================================
ERROR: test_facilitator_or_instructor_can_update_an_activity (test_api.TestActivityView)
----------------------------------------------------------------------
Traceback (most recent call last):
  File "/home/andre/kenzieAcademy/kanvas/test_api.py", line 796, in test_facilitator_or_instructor_can_update_an_activity
    activity.json(),
  File "/home/andre/kenzieAcademy/kanvas/venv/lib/python3.9/site-packages/django/test/client.py", line 662, in _parse_json
    raise ValueError(
ValueError: Content-Type header is "text/html", not "application/json"

======================================================================
ERROR: test_facilitator_or_instructor_can_view_all_submissions (test_api.TestActivityView)
----------------------------------------------------------------------
Traceback (most recent call last):
  File "/home/andre/kenzieAcademy/kanvas/test_api.py", line 1469, in test_facilitator_or_instructor_can_view_all_submissions
    submissions.json(),
  File "/home/andre/kenzieAcademy/kanvas/venv/lib/python3.9/site-packages/django/test/client.py", line 662, in _parse_json
    raise ValueError(
ValueError: Content-Type header is "text/html", not "application/json"

======================================================================
ERROR: test_if_it_is_not_possible_to_create_activities_with_the_same_title (test_api.TestActivityView)
----------------------------------------------------------------------
Traceback (most recent call last):
  File "/home/andre/kenzieAcademy/kanvas/test_api.py", line 868, in test_if_it_is_not_possible_to_create_activities_with_the_same_title
    activity1.json(),
  File "/home/andre/kenzieAcademy/kanvas/venv/lib/python3.9/site-packages/django/test/client.py", line 662, in _parse_json
    raise ValueError(
ValueError: Content-Type header is "text/html", not "application/json"

======================================================================
ERROR: test_if_it_is_not_possible_to_update_activity_to_an_existing_title (test_api.TestActivityView)
----------------------------------------------------------------------
Traceback (most recent call last):
  File "/home/andre/kenzieAcademy/kanvas/test_api.py", line 906, in test_if_it_is_not_possible_to_update_activity_to_an_existing_title
    activity.json(), {"error": "Activity with this name already exists"}
  File "/home/andre/kenzieAcademy/kanvas/venv/lib/python3.9/site-packages/django/test/client.py", line 662, in _parse_json
    raise ValueError(
ValueError: Content-Type header is "text/html", not "application/json"

======================================================================
ERROR: test_student_can_view_only_your_submissions (test_api.TestActivityView)
----------------------------------------------------------------------
Traceback (most recent call last):
  File "/home/andre/kenzieAcademy/kanvas/test_api.py", line 1371, in test_student_can_view_only_your_submissions
    submissions.json(),
  File "/home/andre/kenzieAcademy/kanvas/venv/lib/python3.9/site-packages/django/test/client.py", line 662, in _parse_json
    raise ValueError(
ValueError: Content-Type header is "text/html", not "application/json"

======================================================================
FAIL: test_facilitator_or_instructor_can_edit_a_submission_grade (test_api.TestActivityView)
----------------------------------------------------------------------
Traceback (most recent call last):
  File "/home/andre/kenzieAcademy/kanvas/test_api.py", line 1205, in test_facilitator_or_instructor_can_edit_a_submission_grade
    self.assertEqual(grading_submission.status_code, 200)
AssertionError: 404 != 200

======================================================================
FAIL: test_facilitator_or_instructor_can_list_activities (test_api.TestActivityView)
----------------------------------------------------------------------
Traceback (most recent call last):
  File "/home/andre/kenzieAcademy/kanvas/test_api.py", line 976, in test_facilitator_or_instructor_can_list_activities
    self.assertEqual(activities.status_code, 200)
AssertionError: 404 != 200

======================================================================
FAIL: test_facilitator_or_instructor_cannot_submity_an_activity (test_api.TestActivityView)
----------------------------------------------------------------------
Traceback (most recent call last):
  File "/home/andre/kenzieAcademy/kanvas/test_api.py", line 1142, in test_facilitator_or_instructor_cannot_submity_an_activity
    self.assertEqual(submission.status_code, 403)
AssertionError: 404 != 403

======================================================================
FAIL: test_if_it_is_not_possible_to_update_activity_with_an_existing_submission (test_api.TestActivityView)
----------------------------------------------------------------------
Traceback (most recent call last):
  File "/home/andre/kenzieAcademy/kanvas/test_api.py", line 951, in test_if_it_is_not_possible_to_update_activity_with_an_existing_submission
    self.assertEqual(activity.status_code, 400)
AssertionError: 404 != 400

======================================================================
FAIL: test_student_can_submit_an_activity (test_api.TestActivityView)
----------------------------------------------------------------------
Traceback (most recent call last):
  File "/home/andre/kenzieAcademy/kanvas/test_api.py", line 1071, in test_student_can_submit_an_activity
    self.assertEqual(submission.status_code, 201)
AssertionError: 404 != 201

======================================================================
FAIL: test_student_cannot_edit_a_submission_grade (test_api.TestActivityView)
----------------------------------------------------------------------
Traceback (most recent call last):
  File "/home/andre/kenzieAcademy/kanvas/test_api.py", line 1297, in test_student_cannot_edit_a_submission_grade
    self.assertEqual(grading_submission.status_code, 403)
AssertionError: 404 != 403

======================================================================
FAIL: test_student_cannot_list_activities (test_api.TestActivityView)
----------------------------------------------------------------------
Traceback (most recent call last):
  File "/home/andre/kenzieAcademy/kanvas/test_api.py", line 1038, in test_student_cannot_list_activities
    self.assertEqual(activities.status_code, 403)
AssertionError: 404 != 403

======================================================================
FAIL: test_students_cannot_create_activities (test_api.TestActivityView)
----------------------------------------------------------------------
Traceback (most recent call last):
  File "/home/andre/kenzieAcademy/kanvas/test_api.py", line 849, in test_students_cannot_create_activities
    self.assertEqual(activity.status_code, 403)
AssertionError: 404 != 403

----------------------------------------------------------------------
Ran 35 tests in 15.574s

FAILED (failures=8, errors=6)
Destroying test database for alias 'default' ('file:memorydb_default?mode=memory&cache=shared')...
